\BOOKMARK [1][-]{section.1}{Preamble}{}
\BOOKMARK [2][-]{subsection.1.1}{About PYCTS}{section.1}
\BOOKMARK [2][-]{subsection.1.2}{About This Document}{section.1}
\BOOKMARK [2][-]{subsection.1.3}{Implementation Details}{section.1}
\BOOKMARK [2][-]{subsection.1.4}{User Levels}{section.1}
\BOOKMARK [1][-]{section.2}{Student Guide}{}
\BOOKMARK [2][-]{subsection.2.1}{Introduction}{section.2}
\BOOKMARK [2][-]{subsection.2.2}{Logging In}{section.2}
\BOOKMARK [2][-]{subsection.2.3}{Checking Credits}{section.2}
\BOOKMARK [2][-]{subsection.2.4}{Checking Available Studies}{section.2}
\BOOKMARK [1][-]{section.3}{Research Assistant Guide}{}
\BOOKMARK [2][-]{subsection.3.1}{Introduction}{section.3}
\BOOKMARK [2][-]{subsection.3.2}{Logging In}{section.3}
\BOOKMARK [2][-]{subsection.3.3}{Adding Credits with Quick-Add}{section.3}
\BOOKMARK [2][-]{subsection.3.4}{Viewing a Single Student's Data}{section.3}
\BOOKMARK [2][-]{subsection.3.5}{Adding Miscellaneous Credits}{section.3}
\BOOKMARK [2][-]{subsection.3.6}{Adding Study Credits}{section.3}
\BOOKMARK [2][-]{subsection.3.7}{Removing Credits}{section.3}
\BOOKMARK [2][-]{subsection.3.8}{Viewing Statistics}{section.3}
\BOOKMARK [1][-]{section.4}{Professor Guide}{}
\BOOKMARK [2][-]{subsection.4.1}{Introduction}{section.4}
\BOOKMARK [2][-]{subsection.4.2}{User Administration}{section.4}
\BOOKMARK [2][-]{subsection.4.3}{Study Administration}{section.4}
\BOOKMARK [2][-]{subsection.4.4}{Roster Management}{section.4}
\BOOKMARK [2][-]{subsection.4.5}{Backing Up The Roster}{section.4}
